<?xml version="1.0" encoding="UTF-8"?>
<!-- Generated by org.testng.reporters.JUnitReportReporter -->
<testsuite skipped="0" hostname="Mahesh" name="tests.SelectListTest" tests="1" failures="0" timestamp="2020-08-23T20:45:38 IST" time="58.496" errors="0">
  <testcase name="selectListDemo" time="58.496" classname="tests.SelectListTest"/>
  <system-out/>
</testsuite> <!-- tests.SelectListTest -->
