<?xml version="1.0" encoding="UTF-8"?>
<!-- Generated by org.testng.reporters.JUnitReportReporter -->
<testsuite skipped="0" hostname="Mahesh" name="tests.JunitPageTests" tests="1" failures="0" timestamp="2020-08-23T21:09:34 IST" time="7.679" errors="0">
  <testcase name="junitPageVerifications" time="7.679" classname="tests.JunitPageTests"/>
  <system-out/>
</testsuite> <!-- tests.JunitPageTests -->
