<?xml version="1.0" encoding="UTF-8"?>
<!-- Generated by org.testng.reporters.JUnitReportReporter -->
<testsuite skipped="0" hostname="Mahesh" name="tests.MultiSelectListTest" tests="1" failures="0" timestamp="2020-08-23T20:45:38 IST" time="70.676" errors="0">
  <testcase name="multiSelectListDemo" time="70.676" classname="tests.MultiSelectListTest"/>
  <system-out/>
</testsuite> <!-- tests.MultiSelectListTest -->
