<?xml version="1.0" encoding="UTF-8"?>
<!-- Generated by org.testng.reporters.JUnitReportReporter -->
<testsuite skipped="0" hostname="Mahesh" name="tests.SingleInputTest" tests="1" failures="0" timestamp="2020-08-23T20:45:38 IST" time="55.562" errors="0">
  <testcase name="startDemoSingleInput" time="55.562" classname="tests.SingleInputTest"/>
  <system-out/>
</testsuite> <!-- tests.SingleInputTest -->
