<?xml version="1.0" encoding="UTF-8"?>
<!-- Generated by org.testng.reporters.JUnitReportReporter -->
<testsuite skipped="0" hostname="Mahesh" name="tests.JunitPageTests" tests="1" failures="0" timestamp="2020-08-23T20:45:39 IST" time="4.659" errors="0">
  <testcase name="junitPageVerifications" time="4.659" classname="tests.JunitPageTests"/>
  <system-out/>
</testsuite> <!-- tests.JunitPageTests -->
