<?xml version="1.0" encoding="UTF-8"?>
<!-- Generated by org.testng.reporters.JUnitReportReporter -->
<testsuite skipped="0" hostname="Mahesh" name="tests.SingleInputTest" tests="1" failures="0" timestamp="2020-08-23T21:09:34 IST" time="56.462" errors="0">
  <testcase name="startDemoSingleInput" time="56.462" classname="tests.SingleInputTest"/>
  <system-out/>
</testsuite> <!-- tests.SingleInputTest -->
