<?xml version="1.0" encoding="UTF-8"?>
<!-- Generated by org.testng.reporters.JUnitReportReporter -->
<testsuite skipped="0" hostname="Mahesh" name="tests.HomePageTests" tests="15" failures="0" timestamp="2020-08-23T17:20:14 IST" time="669.251" errors="0">
  <testcase name="junitPageVerifications" time="4.692" classname="tests.HomePageTests"/>
  <system-out/>
  <testcase name="jenkinsPageVerifications" time="3.713" classname="tests.HomePageTests"/>
  <system-out/>
  <testcase name="startDemoSingleInput" time="53.419" classname="tests.HomePageTests"/>
  <system-out/>
  <testcase name="startDemoTwoInputs" time="81.524" classname="tests.HomePageTests"/>
  <system-out/>
  <testcase name="singleCheckboxDemo" time="22.666" classname="tests.HomePageTests"/>
  <system-out/>
  <testcase name="multipleCheckboxDemo" time="22.526" classname="tests.HomePageTests"/>
  <system-out/>
  <testcase name="singleRadioButtonDemo" time="20.776" classname="tests.HomePageTests"/>
  <system-out/>
  <testcase name="multipleRadioButtonDemo" time="2.162" classname="tests.HomePageTests"/>
  <system-out/>
  <testcase name="ajaxCallsTesting" time="31.785" classname="tests.HomePageTests"/>
  <system-out/>
  <testcase name="dismissAlert" time="73.628" classname="tests.HomePageTests"/>
  <system-out/>
  <testcase name="dismissConfirm" time="71.704" classname="tests.HomePageTests"/>
  <system-out/>
  <testcase name="dismissPrompt" time="71.813" classname="tests.HomePageTests"/>
  <system-out/>
  <testcase name="selectListDemo" time="53.074" classname="tests.HomePageTests"/>
  <system-out/>
  <testcase name="multiSelectListDemo" time="62.270" classname="tests.HomePageTests"/>
  <system-out/>
  <testcase name="multiSelectList" time="93.499" classname="tests.HomePageTests"/>
  <system-out/>
</testsuite> <!-- tests.HomePageTests -->
