<?xml version="1.0" encoding="UTF-8"?>
<!-- Generated by org.testng.reporters.JUnitReportReporter -->
<testsuite skipped="0" hostname="Mahesh" name="tests.AlertBoxTest" tests="1" failures="0" timestamp="2020-08-23T20:45:38 IST" time="77.033" errors="0">
  <testcase name="dismissAlert" time="77.033" classname="tests.AlertBoxTest"/>
  <system-out/>
</testsuite> <!-- tests.AlertBoxTest -->
