<?xml version="1.0" encoding="UTF-8"?>
<!-- Generated by org.testng.reporters.JUnitReportReporter -->
<testsuite skipped="0" hostname="Mahesh" name="tests.AjaxCallsTest" tests="1" failures="0" timestamp="2020-08-23T21:09:34 IST" time="37.421" errors="0">
  <testcase name="ajaxCallsTesting" time="37.421" classname="tests.AjaxCallsTest"/>
  <system-out/>
</testsuite> <!-- tests.AjaxCallsTest -->
