<?xml version="1.0" encoding="UTF-8"?>
<!-- Generated by org.testng.reporters.JUnitReportReporter -->
<testsuite skipped="0" hostname="Mahesh" name="tests.AlertBoxTest" tests="1" failures="0" timestamp="2020-08-23T21:09:34 IST" time="76.964" errors="0">
  <testcase name="dismissAlert" time="76.964" classname="tests.AlertBoxTest"/>
  <system-out/>
</testsuite> <!-- tests.AlertBoxTest -->
