<?xml version="1.0" encoding="UTF-8"?>
<!-- Generated by org.testng.reporters.JUnitReportReporter -->
<testsuite skipped="0" hostname="Mahesh" name="tests.SingleCheckboxTest" tests="1" failures="0" timestamp="2020-08-23T20:45:39 IST" time="27.189" errors="0">
  <testcase name="singleCheckboxDemo" time="27.189" classname="tests.SingleCheckboxTest"/>
  <system-out/>
</testsuite> <!-- tests.SingleCheckboxTest -->
