<?xml version="1.0" encoding="UTF-8"?>
<!-- Generated by org.testng.reporters.JUnitReportReporter -->
<testsuite skipped="0" hostname="Mahesh" name="tests.MultiSelectListTest" tests="1" failures="0" timestamp="2020-08-23T21:09:34 IST" time="67.423" errors="0">
  <testcase name="multiSelectListDemo" time="67.423" classname="tests.MultiSelectListTest"/>
  <system-out/>
</testsuite> <!-- tests.MultiSelectListTest -->
