<?xml version="1.0" encoding="UTF-8"?>
<!-- Generated by org.testng.reporters.JUnitReportReporter -->
<testsuite skipped="0" hostname="Mahesh" name="tests.MultiSelectListTests" tests="1" failures="0" timestamp="2020-08-23T20:45:39 IST" time="79.773" errors="0">
  <testcase name="multiSelectList" time="79.773" classname="tests.MultiSelectListTests"/>
  <system-out/>
</testsuite> <!-- tests.MultiSelectListTests -->
