<?xml version="1.0" encoding="UTF-8"?>
<!-- Generated by org.testng.reporters.JUnitReportReporter -->
<testsuite skipped="0" hostname="Mahesh" name="tests.MultipleCheckboxTest" tests="1" failures="0" timestamp="2020-08-23T21:09:34 IST" time="27.401" errors="0">
  <testcase name="multipleCheckboxDemo" time="27.401" classname="tests.MultipleCheckboxTest"/>
  <system-out/>
</testsuite> <!-- tests.MultipleCheckboxTest -->
