<?xml version="1.0" encoding="UTF-8"?>
<!-- Generated by org.testng.reporters.JUnitReportReporter -->
<testsuite skipped="0" hostname="Mahesh" name="tests.SingleCheckboxTest" tests="1" failures="0" timestamp="2020-08-23T21:09:34 IST" time="26.786" errors="0">
  <testcase name="singleCheckboxDemo" time="26.786" classname="tests.SingleCheckboxTest"/>
  <system-out/>
</testsuite> <!-- tests.SingleCheckboxTest -->
