<?xml version="1.0" encoding="UTF-8"?>
<!-- Generated by org.testng.reporters.JUnitReportReporter -->
<testsuite skipped="0" hostname="Mahesh" name="tests.ConfirmboxTest" tests="1" failures="0" timestamp="2020-08-23T20:45:38 IST" time="78.583" errors="0">
  <testcase name="dismissConfirm" time="78.583" classname="tests.ConfirmboxTest"/>
  <system-out/>
</testsuite> <!-- tests.ConfirmboxTest -->
