<?xml version="1.0" encoding="UTF-8"?>
<!-- Generated by org.testng.reporters.JUnitReportReporter -->
<testsuite skipped="0" hostname="Mahesh" name="tests.ConfirmboxTest" tests="1" failures="0" timestamp="2020-08-23T21:09:34 IST" time="76.868" errors="0">
  <testcase name="dismissConfirm" time="76.868" classname="tests.ConfirmboxTest"/>
  <system-out/>
</testsuite> <!-- tests.ConfirmboxTest -->
