<?xml version="1.0" encoding="UTF-8"?>
<!-- Generated by org.testng.reporters.JUnitReportReporter -->
<testsuite skipped="0" hostname="Mahesh" name="tests.MultiSelectListTests" tests="1" failures="0" timestamp="2020-08-23T21:09:34 IST" time="78.360" errors="0">
  <testcase name="multiSelectList" time="78.360" classname="tests.MultiSelectListTests"/>
  <system-out/>
</testsuite> <!-- tests.MultiSelectListTests -->
